<?xml version="1.0" encoding="UTF-8"?>
<!-- Generated by org.testng.reporters.JUnitReportReporter -->
<testsuite hostname="DESKTOP-R49V28S" failures="0" tests="2" name="ninzacrm.Assertion" time="0.030" errors="0" timestamp="2025-10-11T10:51:20 IST" skipped="0">
  <testcase classname="ninzacrm.Assertion" name="assertion" time="0.023">
    <system-out>
      <![CDATA[Step-1
Step-2
Step=3
Step4]]>
    </system-out>
  </testcase> <!-- assertion -->
  <testcase classname="ninzacrm.Assertion" name="assertion1" time="0.007">
    <system-out>
      <![CDATA[Step-2]]>
    </system-out>
  </testcase> <!-- assertion1 -->
  <system-out>
    <![CDATA[Step-1
Step-2
Step=3
Step4
Step-2]]>
  </system-out>
</testsuite> <!-- ninzacrm.Assertion -->
